E:\CPPCODE\CIMG-USE\CIMG-USE\DEBUG\CIMG-USE.EXE.EMBED.MANIFEST
E:\CPPCODE\CIMG-USE\CIMG-USE\DEBUG\CIMG-USE.EXE.EMBED.MANIFEST.RES
E:\CPPCODE\CIMG-USE\CIMG-USE\DEBUG\CIMG-USE.EXE.INTERMEDIATE.MANIFEST
E:\CPPCODE\CIMG-USE\CIMG-USE\DEBUG\START.OBJ
E:\CPPCODE\CIMG-USE\CIMG-USE\DEBUG\VC100.PDB
E:\CPPCODE\CIMG-USE\DEBUG\CIMG-USE.EXE
E:\CPPCODE\CIMG-USE\DEBUG\CIMG-USE.ILK
E:\CPPCODE\CIMG-USE\DEBUG\CIMG-USE.PDB
E:\xufanglu\web-design\sa-sb-radar\CImg-Use\CImg-Use\Debug\CImg-Use.exe.embed.manifest
E:\xufanglu\web-design\sa-sb-radar\CImg-Use\CImg-Use\Debug\CImg-Use.exe.embed.manifest.res
E:\xufanglu\web-design\sa-sb-radar\CImg-Use\CImg-Use\Debug\CImg-Use.exe.intermediate.manifest
E:\xufanglu\web-design\sa-sb-radar\CImg-Use\CImg-Use\Debug\CImg-Use_manifest.rc
E:\xufanglu\web-design\sa-sb-radar\CImg-Use\CImg-Use\Debug\cl.command.1.tlog
E:\xufanglu\web-design\sa-sb-radar\CImg-Use\CImg-Use\Debug\CL.read.1.tlog
E:\xufanglu\web-design\sa-sb-radar\CImg-Use\CImg-Use\Debug\CL.write.1.tlog
E:\xufanglu\web-design\sa-sb-radar\CImg-Use\CImg-Use\Debug\link.6764.read.1.tlog
E:\xufanglu\web-design\sa-sb-radar\CImg-Use\CImg-Use\Debug\link.6764.write.1.tlog
E:\xufanglu\web-design\sa-sb-radar\CImg-Use\CImg-Use\Debug\link.6764-cvtres.read.1.tlog
E:\xufanglu\web-design\sa-sb-radar\CImg-Use\CImg-Use\Debug\link.6764-cvtres.write.1.tlog
E:\xufanglu\web-design\sa-sb-radar\CImg-Use\CImg-Use\Debug\link.9680.read.1.tlog
E:\xufanglu\web-design\sa-sb-radar\CImg-Use\CImg-Use\Debug\link.9680.write.1.tlog
E:\xufanglu\web-design\sa-sb-radar\CImg-Use\CImg-Use\Debug\link.9680-cvtres.read.1.tlog
E:\xufanglu\web-design\sa-sb-radar\CImg-Use\CImg-Use\Debug\link.9680-cvtres.write.1.tlog
E:\xufanglu\web-design\sa-sb-radar\CImg-Use\CImg-Use\Debug\link.command.1.tlog
E:\xufanglu\web-design\sa-sb-radar\CImg-Use\CImg-Use\Debug\link.read.1.tlog
E:\xufanglu\web-design\sa-sb-radar\CImg-Use\CImg-Use\Debug\link.write.1.tlog
E:\xufanglu\web-design\sa-sb-radar\CImg-Use\CImg-Use\Debug\link-cvtres.read.1.tlog
E:\xufanglu\web-design\sa-sb-radar\CImg-Use\CImg-Use\Debug\link-cvtres.write.1.tlog
E:\xufanglu\web-design\sa-sb-radar\CImg-Use\CImg-Use\Debug\mt.command.1.tlog
E:\xufanglu\web-design\sa-sb-radar\CImg-Use\CImg-Use\Debug\mt.read.1.tlog
E:\xufanglu\web-design\sa-sb-radar\CImg-Use\CImg-Use\Debug\mt.write.1.tlog
E:\xufanglu\web-design\sa-sb-radar\CImg-Use\CImg-Use\Debug\rc.command.1.tlog
E:\xufanglu\web-design\sa-sb-radar\CImg-Use\CImg-Use\Debug\rc.read.1.tlog
E:\xufanglu\web-design\sa-sb-radar\CImg-Use\CImg-Use\Debug\rc.write.1.tlog
E:\xufanglu\web-design\sa-sb-radar\CImg-Use\CImg-Use\Debug\start.obj
E:\xufanglu\web-design\sa-sb-radar\CImg-Use\CImg-Use\Debug\vc100.idb
E:\xufanglu\web-design\sa-sb-radar\CImg-Use\CImg-Use\Debug\vc100.pdb
E:\xufanglu\web-design\sa-sb-radar\CImg-Use\Debug\CImg-Use.exe
E:\xufanglu\web-design\sa-sb-radar\CImg-Use\Debug\CImg-Use.ilk
E:\xufanglu\web-design\sa-sb-radar\CImg-Use\Debug\CImg-Use.pdb
