生成启动时间为 2012-12-19 15:26:35。
     1>项目“E:\cppcode\PocoHttpPost\transStationsName\transStationsName.vcxproj”在节点 2 上(build 个目标)。
     1>InitializeBuildStatus:
         正在创建“Release\transStationsName.unsuccessfulbuild”，因为已指定“AlwaysCreate”。
       ClCompile:
         C:\Program Files\Microsoft Visual Studio 10.0\VC\bin\CL.exe /c /Zi /nologo /W3 /WX- /O2 /Oi /Oy- /GL /D WIN32 /D NDEBUG /D _CONSOLE /D _MBCS /Gm- /EHsc /MD /GS /Gy /fp:precise /Zc:wchar_t /Zc:forScope /Fo"Release\\" /Fd"Release\vc100.pdb" /Gd /TP /analyze- /errorReport:prompt "trans-main.cpp"
         trans-main.cpp
       Link:
         C:\Program Files\Microsoft Visual Studio 10.0\VC\bin\link.exe /ERRORREPORT:PROMPT /OUT:"E:\cppcode\PocoHttpPost\Release\transStationsName.exe" /INCREMENTAL:NO /NOLOGO kernel32.lib user32.lib gdi32.lib winspool.lib comdlg32.lib advapi32.lib shell32.lib ole32.lib oleaut32.lib uuid.lib odbc32.lib odbccp32.lib /MANIFEST /ManifestFile:"Release\transStationsName.exe.intermediate.manifest" /MANIFESTUAC:"level='asInvoker' uiAccess='false'" /DEBUG /PDB:"E:\cppcode\PocoHttpPost\Release\transStationsName.pdb" /SUBSYSTEM:CONSOLE /OPT:REF /OPT:ICF /LTCG /TLBID:1 /DYNAMICBASE /NXCOMPAT /IMPLIB:"E:\cppcode\PocoHttpPost\Release\transStationsName.lib" /MACHINE:X86 "Release\trans-main.obj"
         正在生成代码
         已完成代码的生成
         transStationsName.vcxproj -> E:\cppcode\PocoHttpPost\Release\transStationsName.exe
       Manifest:
         C:\Program Files\Microsoft SDKs\Windows\v7.0A\bin\mt.exe /nologo /verbose /outputresource:"E:\cppcode\PocoHttpPost\Release\transStationsName.exe;#1" /manifest Release\transStationsName.exe.intermediate.manifest
       FinalizeBuildStatus:
         正在删除文件“Release\transStationsName.unsuccessfulbuild”。
         正在对“Release\transStationsName.lastbuildstate”执行 Touch 任务。
     1>已完成生成项目“E:\cppcode\PocoHttpPost\transStationsName\transStationsName.vcxproj”(build 个目标)的操作。

生成成功。

已用时间 00:00:01.09
